Determining if the pthread_create exist failed with the following output:
Change Dir: /home/rob/baxter/build/moveit_python/CMakeFiles/CMakeTmp

Run Build Command:"/usr/bin/make" "cmTC_de89f/fast"
/usr/bin/make -f CMakeFiles/cmTC_de89f.dir/build.make CMakeFiles/cmTC_de89f.dir/build
make[1]: Entering directory '/home/rob/baxter/build/moveit_python/CMakeFiles/CMakeTmp'
Building C object CMakeFiles/cmTC_de89f.dir/CheckSymbolExists.c.o
/usr/bin/cc     -o CMakeFiles/cmTC_de89f.dir/CheckSymbolExists.c.o   -c /home/rob/baxter/build/moveit_python/CMakeFiles/CMakeTmp/CheckSymbolExists.c
Linking C executable cmTC_de89f
/usr/bin/cmake -E cmake_link_script CMakeFiles/cmTC_de89f.dir/link.txt --verbose=1
/usr/bin/cc       CMakeFiles/cmTC_de89f.dir/CheckSymbolExists.c.o  -o cmTC_de89f -rdynamic 
CMakeFiles/cmTC_de89f.dir/CheckSymbolExists.c.o: In function `main':
CheckSymbolExists.c:(.text+0x16): undefined reference to `pthread_create'
collect2: error: ld returned 1 exit status
CMakeFiles/cmTC_de89f.dir/build.make:97: recipe for target 'cmTC_de89f' failed
make[1]: *** [cmTC_de89f] Error 1
make[1]: Leaving directory '/home/rob/baxter/build/moveit_python/CMakeFiles/CMakeTmp'
Makefile:126: recipe for target 'cmTC_de89f/fast' failed
make: *** [cmTC_de89f/fast] Error 2

File /home/rob/baxter/build/moveit_python/CMakeFiles/CMakeTmp/CheckSymbolExists.c:
/* */
#include <pthread.h>

int main(int argc, char** argv)
{
  (void)argv;
#ifndef pthread_create
  return ((int*)(&pthread_create))[argc];
#else
  (void)argc;
  return 0;
#endif
}

Determining if the function pthread_create exists in the pthreads failed with the following output:
Change Dir: /home/rob/baxter/build/moveit_python/CMakeFiles/CMakeTmp

Run Build Command:"/usr/bin/make" "cmTC_4eb38/fast"
/usr/bin/make -f CMakeFiles/cmTC_4eb38.dir/build.make CMakeFiles/cmTC_4eb38.dir/build
make[1]: Entering directory '/home/rob/baxter/build/moveit_python/CMakeFiles/CMakeTmp'
Building C object CMakeFiles/cmTC_4eb38.dir/CheckFunctionExists.c.o
/usr/bin/cc    -DCHECK_FUNCTION_EXISTS=pthread_create   -o CMakeFiles/cmTC_4eb38.dir/CheckFunctionExists.c.o   -c /usr/share/cmake-3.5/Modules/CheckFunctionExists.c
Linking C executable cmTC_4eb38
/usr/bin/cmake -E cmake_link_script CMakeFiles/cmTC_4eb38.dir/link.txt --verbose=1
/usr/bin/cc   -DCHECK_FUNCTION_EXISTS=pthread_create    CMakeFiles/cmTC_4eb38.dir/CheckFunctionExists.c.o  -o cmTC_4eb38 -rdynamic -lpthreads 
/usr/bin/ld: cannot find -lpthreads
collect2: error: ld returned 1 exit status
CMakeFiles/cmTC_4eb38.dir/build.make:97: recipe for target 'cmTC_4eb38' failed
make[1]: *** [cmTC_4eb38] Error 1
make[1]: Leaving directory '/home/rob/baxter/build/moveit_python/CMakeFiles/CMakeTmp'
Makefile:126: recipe for target 'cmTC_4eb38/fast' failed
make: *** [cmTC_4eb38/fast] Error 2


