[  2%] Built target gazebo_ros_template
[  5%] Built target gazebo_ros_vacuum_gripper
[  7%] Built target gazebo_ros_ft_sensor
[ 10%] Built target gazebo_ros_planar_move
[ 12%] Built target gazebo_ros_video
[ 15%] Built target gazebo_ros_utils
[ 15%] Built target diagnostic_msgs_generate_messages_nodejs
[ 15%] Built target diagnostic_msgs_generate_messages_py
[ 15%] Built target gazebo_msgs_generate_messages_eus
[ 15%] Built target rosgraph_msgs_generate_messages_nodejs
[ 15%] Built target roscpp_generate_messages_py
[ 15%] Built target roscpp_generate_messages_eus
[ 15%] Built target bond_generate_messages_eus
[ 15%] Built target tf_generate_messages_nodejs
[ 15%] Built target std_srvs_generate_messages_py
[ 15%] Built target std_srvs_generate_messages_nodejs
[ 15%] Built target sensor_msgs_generate_messages_eus
[ 15%] Built target actionlib_msgs_generate_messages_cpp
[ 15%] Built target actionlib_generate_messages_nodejs
[ 15%] Built target sensor_msgs_generate_messages_cpp
[ 15%] Built target std_srvs_generate_messages_eus
[ 15%] Built target roscpp_generate_messages_cpp
[ 15%] Built target gazebo_msgs_generate_messages_nodejs
[ 15%] Built target tf_generate_messages_cpp
[ 15%] Built target std_msgs_generate_messages_nodejs
[ 15%] Built target dynamic_reconfigure_generate_messages_nodejs
[ 15%] Built target _catkin_empty_exported_target
[ 15%] Built target actionlib_generate_messages_cpp
[ 15%] Built target rosgraph_msgs_generate_messages_py
[ 15%] Built target tf_generate_messages_lisp
[ 15%] Built target rosgraph_msgs_generate_messages_lisp
[ 15%] Built target sensor_msgs_generate_messages_py
[ 15%] Built target roscpp_generate_messages_nodejs
[ 15%] Built target diagnostic_msgs_generate_messages_lisp
[ 15%] Built target std_srvs_generate_messages_cpp
[ 15%] Built target sensor_msgs_generate_messages_lisp
[ 15%] Built target gazebo_msgs_generate_messages_lisp
[ 15%] Built target geometry_msgs_generate_messages_py
[ 15%] Built target geometry_msgs_generate_messages_lisp
[ 15%] Built target std_srvs_generate_messages_lisp
[ 15%] Built target bond_generate_messages_py
[ 15%] Built target std_msgs_generate_messages_lisp
[ 15%] Built target geometry_msgs_generate_messages_eus
[ 15%] Built target rosgraph_msgs_generate_messages_cpp
[ 15%] Built target geometry_msgs_generate_messages_nodejs
[ 15%] Built target nodelet_generate_messages_py
[ 15%] Built target diagnostic_msgs_generate_messages_eus
[ 15%] Built target gazebo_msgs_generate_messages_py
[ 15%] Built target std_msgs_generate_messages_cpp
[ 15%] Built target sensor_msgs_generate_messages_nodejs
[ 15%] Built target geometry_msgs_generate_messages_cpp
[ 15%] Built target trajectory_msgs_generate_messages_cpp
[ 15%] Built target roscpp_generate_messages_lisp
[ 15%] Built target rosgraph_msgs_generate_messages_eus
[ 15%] Built target trajectory_msgs_generate_messages_eus
[ 15%] Built target nav_msgs_generate_messages_py
[ 15%] Built target std_msgs_generate_messages_py
[ 15%] Built target trajectory_msgs_generate_messages_nodejs
[ 15%] Built target trajectory_msgs_generate_messages_lisp
[ 15%] Built target polled_camera_generate_messages_lisp
[ 15%] Built target trajectory_msgs_generate_messages_py
[ 15%] Built target nodelet_generate_messages_eus
[ 15%] Built target polled_camera_generate_messages_cpp
[ 15%] Built target nodelet_generate_messages_cpp
[ 15%] Built target tf2_msgs_generate_messages_nodejs
[ 15%] Built target nodelet_generate_messages_lisp
[ 15%] Built target bond_generate_messages_cpp
[ 15%] Built target nodelet_generate_messages_nodejs
[ 15%] Built target bond_generate_messages_lisp
[ 15%] Built target tf2_msgs_generate_messages_eus
[ 15%] Built target nav_msgs_generate_messages_lisp
[ 15%] Built target nav_msgs_generate_messages_eus
[ 15%] Built target gazebo_msgs_generate_messages_cpp
[ 15%] Built target polled_camera_generate_messages_py
[ 15%] Built target actionlib_msgs_generate_messages_eus
[ 15%] Built target actionlib_generate_messages_lisp
[ 15%] Built target actionlib_msgs_generate_messages_lisp
[ 15%] Built target actionlib_msgs_generate_messages_nodejs
[ 15%] Built target tf2_msgs_generate_messages_py
[ 15%] Built target tf_generate_messages_eus
[ 15%] Built target actionlib_msgs_generate_messages_py
[ 15%] Built target tf_generate_messages_py
[ 15%] Built target std_msgs_generate_messages_eus
[ 15%] Built target actionlib_generate_messages_eus
[ 15%] Built target tf2_msgs_generate_messages_cpp
[ 15%] Built target dynamic_reconfigure_generate_messages_cpp
[ 15%] Built target nav_msgs_generate_messages_cpp
[ 15%] Built target bond_generate_messages_nodejs
[ 15%] Built target tf2_msgs_generate_messages_lisp
[ 15%] Built target dynamic_reconfigure_generate_messages_eus
[ 15%] Built target dynamic_reconfigure_generate_messages_lisp
[ 15%] Built target dynamic_reconfigure_generate_messages_py
[ 15%] Built target actionlib_generate_messages_py
[ 15%] Built target polled_camera_generate_messages_nodejs
[ 15%] Built target dynamic_reconfigure_gencfg
[ 15%] Built target polled_camera_generate_messages_eus
[ 15%] Built target nav_msgs_generate_messages_nodejs
[ 17%] Built target gazebo_ros_hand_of_god
[ 17%] Built target diagnostic_msgs_generate_messages_cpp
[ 20%] Built target gazebo_ros_imu_sensor
[ 22%] Built target gazebo_ros_force
[ 27%] Built target gazebo_ros_p3d
[ 27%] Built target gazebo_ros_gpu_laser
[ 30%] Built target gazebo_ros_imu
[ 32%] Built target MultiCameraPlugin
[ 35%] Built target gazebo_ros_f3d
[ 37%] Built target pub_joint_trajectory_test
[ 40%] Built target gazebo_ros_range
[ 42%] Built target gazebo_ros_joint_trajectory
[ 45%] Built target gazebo_ros_projector
[ 47%] Built target gazebo_ros_joint_pose_trajectory
[ 50%] Built target gazebo_ros_skid_steer_drive
[ 52%] Built target gazebo_ros_tricycle_drive
[ 55%] Built target gazebo_ros_laser
[ 57%] Built target gazebo_ros_block_laser
[ 60%] Built target gazebo_ros_diff_drive
[ 65%] Built target gazebo_plugins_gencfg
[ 67%] Built target gazebo_ros_joint_state_publisher
[ 70%] Built target gazebo_ros_bumper
[ 72%] Built target hokuyo_node
[ 75%] Built target gazebo_ros_elevator
[ 77%] Built target vision_reconfigure
[ 80%] Built target gazebo_ros_camera_utils
[ 82%] Built target camera_synchronizer
[ 85%] Built target gazebo_ros_camera
[ 87%] Built target gazebo_ros_openni_kinect
[ 90%] Built target gazebo_ros_multicamera
[ 92%] Built target gazebo_ros_triggered_camera
[ 95%] Built target gazebo_ros_depth_camera
[ 97%] Built target gazebo_ros_prosilica
[100%] Built target gazebo_ros_triggered_multicamera
