[  0%] Built target _baxter_core_msgs_generate_messages_check_deps_RobustControllerStatus
[  0%] Built target _baxter_core_msgs_generate_messages_check_deps_CameraSettings
[  0%] Built target _baxter_core_msgs_generate_messages_check_deps_AssemblyStates
[  0%] Built target _baxter_core_msgs_generate_messages_check_deps_URDFConfiguration
[  0%] Built target _baxter_core_msgs_generate_messages_check_deps_JointCommand
[  0%] Built target _baxter_core_msgs_generate_messages_check_deps_OpenCamera
[  0%] Built target _baxter_core_msgs_generate_messages_check_deps_EndEffectorState
[  0%] Built target _baxter_core_msgs_generate_messages_check_deps_EndEffectorCommand
[  0%] Built target geometry_msgs_generate_messages_eus
[  0%] Built target _baxter_core_msgs_generate_messages_check_deps_DigitalOutputCommand
[  0%] Built target _baxter_core_msgs_generate_messages_check_deps_HeadState
[  0%] Built target _baxter_core_msgs_generate_messages_check_deps_ListCameras
[  0%] Built target _baxter_core_msgs_generate_messages_check_deps_CollisionAvoidanceState
[  0%] Built target _baxter_core_msgs_generate_messages_check_deps_CloseCamera
[  0%] Built target _baxter_core_msgs_generate_messages_check_deps_NavigatorStates
[  0%] Built target sensor_msgs_generate_messages_eus
[  0%] Built target _baxter_core_msgs_generate_messages_check_deps_AssemblyState
[  0%] Built target _baxter_core_msgs_generate_messages_check_deps_EndEffectorProperties
[  0%] Built target _baxter_core_msgs_generate_messages_check_deps_CollisionDetectionState
[  0%] Built target _baxter_core_msgs_generate_messages_check_deps_SolvePositionIK
[  0%] Built target _baxter_core_msgs_generate_messages_check_deps_AnalogIOStates
[  0%] Built target _baxter_core_msgs_generate_messages_check_deps_EndpointStates
[  0%] Built target _baxter_core_msgs_generate_messages_check_deps_DigitalIOStates
[  0%] Built target _baxter_core_msgs_generate_messages_check_deps_CameraControl
[  0%] Built target _baxter_core_msgs_generate_messages_check_deps_AnalogOutputCommand
[  0%] Built target _baxter_core_msgs_generate_messages_check_deps_EndpointState
[  0%] Built target _baxter_core_msgs_generate_messages_check_deps_NavigatorState
[  0%] Built target std_msgs_generate_messages_eus
[  0%] Built target _baxter_core_msgs_generate_messages_check_deps_AnalogIOState
[  0%] Built target _baxter_core_msgs_generate_messages_check_deps_HeadPanCommand
[  0%] Built target _baxter_core_msgs_generate_messages_check_deps_SEAJointState
[  0%] Built target _baxter_core_msgs_generate_messages_check_deps_DigitalIOState
[  0%] Built target sensor_msgs_generate_messages_cpp
[  0%] Built target sensor_msgs_generate_messages_nodejs
[  0%] Built target geometry_msgs_generate_messages_cpp
[  0%] Built target std_msgs_generate_messages_cpp
[  0%] Built target geometry_msgs_generate_messages_nodejs
[  0%] Built target std_msgs_generate_messages_nodejs
[  0%] Built target std_msgs_generate_messages_py
[  0%] Built target sensor_msgs_generate_messages_py
[  0%] Built target geometry_msgs_generate_messages_py
[  0%] Built target std_msgs_generate_messages_lisp
[  0%] Built target geometry_msgs_generate_messages_lisp
[  0%] Built target sensor_msgs_generate_messages_lisp
[ 19%] Built target baxter_core_msgs_generate_messages_nodejs
[ 53%] Built target baxter_core_msgs_generate_messages_eus
[ 59%] Built target baxter_core_msgs_generate_messages_cpp
[ 80%] Built target baxter_core_msgs_generate_messages_py
[100%] Built target baxter_core_msgs_generate_messages_lisp
[100%] Built target baxter_core_msgs_generate_messages
