Determining if the pthread_create exist failed with the following output:
Change Dir: /home/rob/baxter/build/panda_moveit_config/CMakeFiles/CMakeTmp

Run Build Command:"/usr/bin/make" "cmTC_49e4c/fast"
/usr/bin/make -f CMakeFiles/cmTC_49e4c.dir/build.make CMakeFiles/cmTC_49e4c.dir/build
make[1]: Entering directory '/home/rob/baxter/build/panda_moveit_config/CMakeFiles/CMakeTmp'
Building C object CMakeFiles/cmTC_49e4c.dir/CheckSymbolExists.c.o
/usr/bin/cc     -o CMakeFiles/cmTC_49e4c.dir/CheckSymbolExists.c.o   -c /home/rob/baxter/build/panda_moveit_config/CMakeFiles/CMakeTmp/CheckSymbolExists.c
Linking C executable cmTC_49e4c
/usr/bin/cmake -E cmake_link_script CMakeFiles/cmTC_49e4c.dir/link.txt --verbose=1
/usr/bin/cc       CMakeFiles/cmTC_49e4c.dir/CheckSymbolExists.c.o  -o cmTC_49e4c -rdynamic 
CMakeFiles/cmTC_49e4c.dir/CheckSymbolExists.c.o: In function `main':
CheckSymbolExists.c:(.text+0x16): undefined reference to `pthread_create'
collect2: error: ld returned 1 exit status
CMakeFiles/cmTC_49e4c.dir/build.make:97: recipe for target 'cmTC_49e4c' failed
make[1]: *** [cmTC_49e4c] Error 1
make[1]: Leaving directory '/home/rob/baxter/build/panda_moveit_config/CMakeFiles/CMakeTmp'
Makefile:126: recipe for target 'cmTC_49e4c/fast' failed
make: *** [cmTC_49e4c/fast] Error 2

File /home/rob/baxter/build/panda_moveit_config/CMakeFiles/CMakeTmp/CheckSymbolExists.c:
/* */
#include <pthread.h>

int main(int argc, char** argv)
{
  (void)argv;
#ifndef pthread_create
  return ((int*)(&pthread_create))[argc];
#else
  (void)argc;
  return 0;
#endif
}

Determining if the function pthread_create exists in the pthreads failed with the following output:
Change Dir: /home/rob/baxter/build/panda_moveit_config/CMakeFiles/CMakeTmp

Run Build Command:"/usr/bin/make" "cmTC_6d527/fast"
/usr/bin/make -f CMakeFiles/cmTC_6d527.dir/build.make CMakeFiles/cmTC_6d527.dir/build
make[1]: Entering directory '/home/rob/baxter/build/panda_moveit_config/CMakeFiles/CMakeTmp'
Building C object CMakeFiles/cmTC_6d527.dir/CheckFunctionExists.c.o
/usr/bin/cc    -DCHECK_FUNCTION_EXISTS=pthread_create   -o CMakeFiles/cmTC_6d527.dir/CheckFunctionExists.c.o   -c /usr/share/cmake-3.5/Modules/CheckFunctionExists.c
Linking C executable cmTC_6d527
/usr/bin/cmake -E cmake_link_script CMakeFiles/cmTC_6d527.dir/link.txt --verbose=1
/usr/bin/cc   -DCHECK_FUNCTION_EXISTS=pthread_create    CMakeFiles/cmTC_6d527.dir/CheckFunctionExists.c.o  -o cmTC_6d527 -rdynamic -lpthreads 
/usr/bin/ld: cannot find -lpthreads
collect2: error: ld returned 1 exit status
CMakeFiles/cmTC_6d527.dir/build.make:97: recipe for target 'cmTC_6d527' failed
make[1]: *** [cmTC_6d527] Error 1
make[1]: Leaving directory '/home/rob/baxter/build/panda_moveit_config/CMakeFiles/CMakeTmp'
Makefile:126: recipe for target 'cmTC_6d527/fast' failed
make: *** [cmTC_6d527/fast] Error 2


