Symlinking /home/rob/baxter/devel/include/sound_play/SoundRequestAction.h
Symlinking /home/rob/baxter/devel/include/sound_play/SoundRequestActionGoal.h
Symlinking /home/rob/baxter/devel/include/sound_play/SoundRequestFeedback.h
Symlinking /home/rob/baxter/devel/include/sound_play/SoundRequest.h
Symlinking /home/rob/baxter/devel/include/sound_play/SoundRequestActionResult.h
Symlinking /home/rob/baxter/devel/include/sound_play/SoundRequestResult.h
Symlinking /home/rob/baxter/devel/include/sound_play/SoundRequestGoal.h
Symlinking /home/rob/baxter/devel/include/sound_play/SoundRequestActionFeedback.h
Symlinking /home/rob/baxter/devel/share/sound_play/cmake/sound_playConfig.cmake
Symlinking /home/rob/baxter/devel/share/sound_play/cmake/sound_playConfig-version.cmake
Symlinking /home/rob/baxter/devel/share/sound_play/cmake/sound_play-msg-paths.cmake
Symlinking /home/rob/baxter/devel/share/sound_play/cmake/sound_play-msg-extras.cmake
Symlinking /home/rob/baxter/devel/share/sound_play/msg/SoundRequestActionFeedback.msg
Symlinking /home/rob/baxter/devel/share/sound_play/msg/SoundRequestActionResult.msg
Symlinking /home/rob/baxter/devel/share/sound_play/msg/SoundRequestResult.msg
Symlinking /home/rob/baxter/devel/share/sound_play/msg/SoundRequestActionGoal.msg
Symlinking /home/rob/baxter/devel/share/sound_play/msg/SoundRequestGoal.msg
Symlinking /home/rob/baxter/devel/share/sound_play/msg/SoundRequestAction.msg
Symlinking /home/rob/baxter/devel/share/sound_play/msg/SoundRequestFeedback.msg
Symlinking /home/rob/baxter/devel/share/gennodejs/ros/sound_play/_index.js
Symlinking /home/rob/baxter/devel/share/gennodejs/ros/sound_play/msg/SoundRequestFeedback.js
Symlinking /home/rob/baxter/devel/share/gennodejs/ros/sound_play/msg/_index.js
Symlinking /home/rob/baxter/devel/share/gennodejs/ros/sound_play/msg/SoundRequestResult.js
Symlinking /home/rob/baxter/devel/share/gennodejs/ros/sound_play/msg/SoundRequestActionFeedback.js
Symlinking /home/rob/baxter/devel/share/gennodejs/ros/sound_play/msg/SoundRequestGoal.js
Symlinking /home/rob/baxter/devel/share/gennodejs/ros/sound_play/msg/SoundRequest.js
Symlinking /home/rob/baxter/devel/share/gennodejs/ros/sound_play/msg/SoundRequestActionGoal.js
Symlinking /home/rob/baxter/devel/share/gennodejs/ros/sound_play/msg/SoundRequestActionResult.js
Symlinking /home/rob/baxter/devel/share/gennodejs/ros/sound_play/msg/SoundRequestAction.js
Symlinking /home/rob/baxter/devel/share/common-lisp/ros/sound_play/msg/_package_SoundRequestActionGoal.lisp
Symlinking /home/rob/baxter/devel/share/common-lisp/ros/sound_play/msg/SoundRequestResult.lisp
Symlinking /home/rob/baxter/devel/share/common-lisp/ros/sound_play/msg/_package_SoundRequest.lisp
Symlinking /home/rob/baxter/devel/share/common-lisp/ros/sound_play/msg/_package.lisp
Symlinking /home/rob/baxter/devel/share/common-lisp/ros/sound_play/msg/SoundRequest.lisp
Symlinking /home/rob/baxter/devel/share/common-lisp/ros/sound_play/msg/sound_play-msg.asd
Symlinking /home/rob/baxter/devel/share/common-lisp/ros/sound_play/msg/_package_SoundRequestActionFeedback.lisp
Symlinking /home/rob/baxter/devel/share/common-lisp/ros/sound_play/msg/SoundRequestActionResult.lisp
Symlinking /home/rob/baxter/devel/share/common-lisp/ros/sound_play/msg/SoundRequestFeedback.lisp
Symlinking /home/rob/baxter/devel/share/common-lisp/ros/sound_play/msg/SoundRequestActionGoal.lisp
Symlinking /home/rob/baxter/devel/share/common-lisp/ros/sound_play/msg/_package_SoundRequestResult.lisp
Symlinking /home/rob/baxter/devel/share/common-lisp/ros/sound_play/msg/_package_SoundRequestActionResult.lisp
Symlinking /home/rob/baxter/devel/share/common-lisp/ros/sound_play/msg/SoundRequestAction.lisp
Symlinking /home/rob/baxter/devel/share/common-lisp/ros/sound_play/msg/_package_SoundRequestFeedback.lisp
Symlinking /home/rob/baxter/devel/share/common-lisp/ros/sound_play/msg/_package_SoundRequestAction.lisp
Symlinking /home/rob/baxter/devel/share/common-lisp/ros/sound_play/msg/SoundRequestGoal.lisp
Symlinking /home/rob/baxter/devel/share/common-lisp/ros/sound_play/msg/_package_SoundRequestGoal.lisp
Symlinking /home/rob/baxter/devel/share/common-lisp/ros/sound_play/msg/SoundRequestActionFeedback.lisp
Symlinking /home/rob/baxter/devel/share/roseus/ros/sound_play/manifest.l
Symlinking /home/rob/baxter/devel/share/roseus/ros/sound_play/msg/SoundRequestResult.l
Symlinking /home/rob/baxter/devel/share/roseus/ros/sound_play/msg/SoundRequestActionGoal.l
Symlinking /home/rob/baxter/devel/share/roseus/ros/sound_play/msg/SoundRequestFeedback.l
Symlinking /home/rob/baxter/devel/share/roseus/ros/sound_play/msg/SoundRequestAction.l
Symlinking /home/rob/baxter/devel/share/roseus/ros/sound_play/msg/SoundRequestActionFeedback.l
Symlinking /home/rob/baxter/devel/share/roseus/ros/sound_play/msg/SoundRequestGoal.l
Symlinking /home/rob/baxter/devel/share/roseus/ros/sound_play/msg/SoundRequest.l
Symlinking /home/rob/baxter/devel/share/roseus/ros/sound_play/msg/SoundRequestActionResult.l
Symlinking /home/rob/baxter/devel/lib/pkgconfig/sound_play.pc
Symlinking /home/rob/baxter/devel/lib/python2.7/dist-packages/sound_play/__init__.py
Symlinking /home/rob/baxter/devel/lib/python2.7/dist-packages/sound_play/msg/_SoundRequestActionGoal.py
Symlinking /home/rob/baxter/devel/lib/python2.7/dist-packages/sound_play/msg/_SoundRequestAction.py
Symlinking /home/rob/baxter/devel/lib/python2.7/dist-packages/sound_play/msg/_SoundRequestGoal.py
Symlinking /home/rob/baxter/devel/lib/python2.7/dist-packages/sound_play/msg/_SoundRequest.py
Symlinking /home/rob/baxter/devel/lib/python2.7/dist-packages/sound_play/msg/_SoundRequestActionResult.py
Symlinking /home/rob/baxter/devel/lib/python2.7/dist-packages/sound_play/msg/_SoundRequestResult.py
Symlinking /home/rob/baxter/devel/lib/python2.7/dist-packages/sound_play/msg/__init__.py
Symlinking /home/rob/baxter/devel/lib/python2.7/dist-packages/sound_play/msg/_SoundRequestFeedback.py
Symlinking /home/rob/baxter/devel/lib/python2.7/dist-packages/sound_play/msg/_SoundRequestActionFeedback.py
Symlinking /home/rob/baxter/devel/lib/sound_play/test
