[35m[1mScanning dependencies of target _sound_play_generate_messages_check_deps_SoundRequestActionResult[0m
[35m[1mScanning dependencies of target _sound_play_generate_messages_check_deps_SoundRequestAction[0m
[35m[1mScanning dependencies of target _sound_play_generate_messages_check_deps_SoundRequestGoal[0m
[35m[1mScanning dependencies of target _sound_play_generate_messages_check_deps_SoundRequestFeedback[0m
[35m[1mScanning dependencies of target _sound_play_generate_messages_check_deps_SoundRequestResult[0m
[35m[1mScanning dependencies of target _sound_play_generate_messages_check_deps_SoundRequestActionFeedback[0m
[35m[1mScanning dependencies of target _sound_play_generate_messages_check_deps_SoundRequestActionGoal[0m
[35m[1mScanning dependencies of target actionlib_msgs_generate_messages_nodejs[0m
[  0%] Built target actionlib_msgs_generate_messages_nodejs
[  0%] Built target _sound_play_generate_messages_check_deps_SoundRequestActionGoal
[  0%] Built target _sound_play_generate_messages_check_deps_SoundRequestAction
[  0%] Built target _sound_play_generate_messages_check_deps_SoundRequestResult
[  0%] Built target _sound_play_generate_messages_check_deps_SoundRequestGoal
[  0%] Built target _sound_play_generate_messages_check_deps_SoundRequestFeedback
[35m[1mScanning dependencies of target actionlib_msgs_generate_messages_lisp[0m
[35m[1mScanning dependencies of target actionlib_msgs_generate_messages_cpp[0m
[35m[1mScanning dependencies of target _sound_play_generate_messages_check_deps_SoundRequest[0m
[35m[1mScanning dependencies of target actionlib_msgs_generate_messages_eus[0m
[  0%] Built target _sound_play_generate_messages_check_deps_SoundRequestActionResult
[35m[1mScanning dependencies of target actionlib_msgs_generate_messages_py[0m
[  0%] Built target actionlib_msgs_generate_messages_cpp
[  0%] Built target actionlib_msgs_generate_messages_lisp
[  0%] Built target _sound_play_generate_messages_check_deps_SoundRequestActionFeedback
[  0%] Built target actionlib_msgs_generate_messages_eus
[  0%] Built target actionlib_msgs_generate_messages_py
[  0%] Built target _sound_play_generate_messages_check_deps_SoundRequest
[35m[1mScanning dependencies of target sound_play_generate_messages_py[0m
[35m[1mScanning dependencies of target sound_play_generate_messages_eus[0m
[35m[1mScanning dependencies of target sound_play_generate_messages_nodejs[0m
[35m[1mScanning dependencies of target sound_play_generate_messages_cpp[0m
[35m[1mScanning dependencies of target sound_play_generate_messages_lisp[0m
[  4%] [34m[1mGenerating Python from MSG sound_play/SoundRequestFeedback[0m
[  6%] [34m[1mGenerating Python from MSG sound_play/SoundRequestResult[0m
[  9%] [34m[1mGenerating Python from MSG sound_play/SoundRequest[0m
[  4%] [34m[1mGenerating Python from MSG sound_play/SoundRequestActionFeedback[0m
[ 11%] [34m[1mGenerating C++ code from sound_play/SoundRequestActionFeedback.msg[0m
[ 13%] [34m[1mGenerating Lisp code from sound_play/SoundRequestActionFeedback.msg[0m
[ 15%] [34m[1mGenerating EusLisp code from sound_play/SoundRequestActionFeedback.msg[0m
[ 18%] [34m[1mGenerating Javascript code from sound_play/SoundRequestActionFeedback.msg[0m
[ 20%] [34m[1mGenerating Lisp code from sound_play/SoundRequestResult.msg[0m
[ 22%] [34m[1mGenerating Javascript code from sound_play/SoundRequestResult.msg[0m
[ 25%] [34m[1mGenerating EusLisp code from sound_play/SoundRequestResult.msg[0m
[ 27%] [34m[1mGenerating Python from MSG sound_play/SoundRequestActionResult[0m
[ 29%] [34m[1mGenerating Lisp code from sound_play/SoundRequestFeedback.msg[0m
[ 31%] [34m[1mGenerating C++ code from sound_play/SoundRequestResult.msg[0m
[ 34%] [34m[1mGenerating Javascript code from sound_play/SoundRequestFeedback.msg[0m
[ 36%] [34m[1mGenerating EusLisp code from sound_play/SoundRequestFeedback.msg[0m
[ 38%] [34m[1mGenerating Python from MSG sound_play/SoundRequestGoal[0m
[ 40%] [34m[1mGenerating Lisp code from sound_play/SoundRequestActionResult.msg[0m
[ 43%] [34m[1mGenerating Lisp code from sound_play/SoundRequest.msg[0m
[ 45%] [34m[1mGenerating Javascript code from sound_play/SoundRequest.msg[0m
[ 47%] [34m[1mGenerating C++ code from sound_play/SoundRequestFeedback.msg[0m
[ 50%] [34m[1mGenerating EusLisp code from sound_play/SoundRequest.msg[0m
[ 52%] [34m[1mGenerating EusLisp code from sound_play/SoundRequestActionResult.msg[0m
[ 54%] [34m[1mGenerating C++ code from sound_play/SoundRequest.msg[0m
[ 56%] [34m[1mGenerating Javascript code from sound_play/SoundRequestActionResult.msg[0m
[ 59%] [34m[1mGenerating Lisp code from sound_play/SoundRequestGoal.msg[0m
[ 61%] [34m[1mGenerating Python from MSG sound_play/SoundRequestAction[0m
[ 63%] [34m[1mGenerating EusLisp code from sound_play/SoundRequestGoal.msg[0m
[ 65%] [34m[1mGenerating C++ code from sound_play/SoundRequestActionResult.msg[0m
[ 68%] [34m[1mGenerating EusLisp code from sound_play/SoundRequestAction.msg[0m
[ 70%] [34m[1mGenerating Javascript code from sound_play/SoundRequestGoal.msg[0m
[ 72%] [34m[1mGenerating Lisp code from sound_play/SoundRequestAction.msg[0m
[ 75%] [34m[1mGenerating EusLisp code from sound_play/SoundRequestActionGoal.msg[0m
[ 77%] [34m[1mGenerating Javascript code from sound_play/SoundRequestAction.msg[0m
[ 79%] [34m[1mGenerating Lisp code from sound_play/SoundRequestActionGoal.msg[0m
[ 81%] [34m[1mGenerating Python from MSG sound_play/SoundRequestActionGoal[0m
[ 84%] [34m[1mGenerating C++ code from sound_play/SoundRequestGoal.msg[0m
[ 86%] [34m[1mGenerating C++ code from sound_play/SoundRequestAction.msg[0m
[ 88%] [34m[1mGenerating EusLisp manifest code for sound_play[0m
[ 90%] [34m[1mGenerating Javascript code from sound_play/SoundRequestActionGoal.msg[0m
[ 93%] [34m[1mGenerating C++ code from sound_play/SoundRequestActionGoal.msg[0m
[ 93%] Built target sound_play_generate_messages_lisp
[ 93%] Built target sound_play_generate_messages_nodejs
[ 95%] [34m[1mGenerating Python msg __init__.py for sound_play[0m
[ 95%] Built target sound_play_generate_messages_cpp
[35m[1mScanning dependencies of target sound_play_gencpp[0m
[ 95%] Built target sound_play_gencpp
[ 95%] Built target sound_play_generate_messages_py
[35m[1mScanning dependencies of target test_sound_play[0m
[ 97%] [32mBuilding CXX object test/CMakeFiles/test_sound_play.dir/test.cpp.o[0m
[ 97%] Built target sound_play_generate_messages_eus
[35m[1mScanning dependencies of target sound_play_generate_messages[0m
[ 97%] Built target sound_play_generate_messages
[100%] [32m[1mLinking CXX executable /home/rob/baxter/devel/.private/sound_play/lib/sound_play/test[0m
[100%] Built target test_sound_play
