[  0%] Built target _sound_play_generate_messages_check_deps_SoundRequestAction
[  0%] Built target _sound_play_generate_messages_check_deps_SoundRequestActionGoal
[  0%] Built target actionlib_msgs_generate_messages_nodejs
[  0%] Built target _sound_play_generate_messages_check_deps_SoundRequestActionResult
[  0%] Built target _sound_play_generate_messages_check_deps_SoundRequestGoal
[  0%] Built target actionlib_msgs_generate_messages_cpp
[  0%] Built target _sound_play_generate_messages_check_deps_SoundRequestResult
[  0%] Built target actionlib_msgs_generate_messages_eus
[  0%] Built target _sound_play_generate_messages_check_deps_SoundRequestFeedback
[  0%] Built target actionlib_msgs_generate_messages_lisp
[  0%] Built target actionlib_msgs_generate_messages_py
[  0%] Built target _sound_play_generate_messages_check_deps_SoundRequest
[  0%] Built target _sound_play_generate_messages_check_deps_SoundRequestActionFeedback
[ 56%] Built target sound_play_generate_messages_lisp
[ 56%] Built target sound_play_generate_messages_py
[ 56%] Built target sound_play_generate_messages_nodejs
[ 75%] Built target sound_play_generate_messages_cpp
[ 95%] Built target sound_play_generate_messages_eus
[ 95%] Built target sound_play_generate_messages
[ 95%] Built target sound_play_gencpp
[100%] Built target test_sound_play
