Determining if the pthread_create exist failed with the following output:
Change Dir: /home/rob/baxter/build/rethink_ee_description/CMakeFiles/CMakeTmp

Run Build Command:"/usr/bin/make" "cmTC_3edd3/fast"
/usr/bin/make -f CMakeFiles/cmTC_3edd3.dir/build.make CMakeFiles/cmTC_3edd3.dir/build
make[1]: Entering directory '/home/rob/baxter/build/rethink_ee_description/CMakeFiles/CMakeTmp'
Building C object CMakeFiles/cmTC_3edd3.dir/CheckSymbolExists.c.o
/usr/bin/cc     -o CMakeFiles/cmTC_3edd3.dir/CheckSymbolExists.c.o   -c /home/rob/baxter/build/rethink_ee_description/CMakeFiles/CMakeTmp/CheckSymbolExists.c
Linking C executable cmTC_3edd3
/usr/bin/cmake -E cmake_link_script CMakeFiles/cmTC_3edd3.dir/link.txt --verbose=1
/usr/bin/cc       CMakeFiles/cmTC_3edd3.dir/CheckSymbolExists.c.o  -o cmTC_3edd3 -rdynamic 
CMakeFiles/cmTC_3edd3.dir/CheckSymbolExists.c.o: In function `main':
CheckSymbolExists.c:(.text+0x16): undefined reference to `pthread_create'
collect2: error: ld returned 1 exit status
CMakeFiles/cmTC_3edd3.dir/build.make:97: recipe for target 'cmTC_3edd3' failed
make[1]: *** [cmTC_3edd3] Error 1
make[1]: Leaving directory '/home/rob/baxter/build/rethink_ee_description/CMakeFiles/CMakeTmp'
Makefile:126: recipe for target 'cmTC_3edd3/fast' failed
make: *** [cmTC_3edd3/fast] Error 2

File /home/rob/baxter/build/rethink_ee_description/CMakeFiles/CMakeTmp/CheckSymbolExists.c:
/* */
#include <pthread.h>

int main(int argc, char** argv)
{
  (void)argv;
#ifndef pthread_create
  return ((int*)(&pthread_create))[argc];
#else
  (void)argc;
  return 0;
#endif
}

Determining if the function pthread_create exists in the pthreads failed with the following output:
Change Dir: /home/rob/baxter/build/rethink_ee_description/CMakeFiles/CMakeTmp

Run Build Command:"/usr/bin/make" "cmTC_08ffd/fast"
/usr/bin/make -f CMakeFiles/cmTC_08ffd.dir/build.make CMakeFiles/cmTC_08ffd.dir/build
make[1]: Entering directory '/home/rob/baxter/build/rethink_ee_description/CMakeFiles/CMakeTmp'
Building C object CMakeFiles/cmTC_08ffd.dir/CheckFunctionExists.c.o
/usr/bin/cc    -DCHECK_FUNCTION_EXISTS=pthread_create   -o CMakeFiles/cmTC_08ffd.dir/CheckFunctionExists.c.o   -c /usr/share/cmake-3.5/Modules/CheckFunctionExists.c
Linking C executable cmTC_08ffd
/usr/bin/cmake -E cmake_link_script CMakeFiles/cmTC_08ffd.dir/link.txt --verbose=1
/usr/bin/cc   -DCHECK_FUNCTION_EXISTS=pthread_create    CMakeFiles/cmTC_08ffd.dir/CheckFunctionExists.c.o  -o cmTC_08ffd -rdynamic -lpthreads 
/usr/bin/ld: cannot find -lpthreads
collect2: error: ld returned 1 exit status
CMakeFiles/cmTC_08ffd.dir/build.make:97: recipe for target 'cmTC_08ffd' failed
make[1]: *** [cmTC_08ffd] Error 1
make[1]: Leaving directory '/home/rob/baxter/build/rethink_ee_description/CMakeFiles/CMakeTmp'
Makefile:126: recipe for target 'cmTC_08ffd/fast' failed
make: *** [cmTC_08ffd/fast] Error 2


