Determining if the pthread_create exist failed with the following output:
Change Dir: /home/rob/baxter/build/gazebo_ros/CMakeFiles/CMakeTmp

Run Build Command:"/usr/bin/make" "cmTC_8b23c/fast"
/usr/bin/make -f CMakeFiles/cmTC_8b23c.dir/build.make CMakeFiles/cmTC_8b23c.dir/build
make[1]: Entering directory '/home/rob/baxter/build/gazebo_ros/CMakeFiles/CMakeTmp'
Building C object CMakeFiles/cmTC_8b23c.dir/CheckSymbolExists.c.o
/usr/bin/cc     -o CMakeFiles/cmTC_8b23c.dir/CheckSymbolExists.c.o   -c /home/rob/baxter/build/gazebo_ros/CMakeFiles/CMakeTmp/CheckSymbolExists.c
Linking C executable cmTC_8b23c
/usr/bin/cmake -E cmake_link_script CMakeFiles/cmTC_8b23c.dir/link.txt --verbose=1
/usr/bin/cc       CMakeFiles/cmTC_8b23c.dir/CheckSymbolExists.c.o  -o cmTC_8b23c -rdynamic 
CMakeFiles/cmTC_8b23c.dir/CheckSymbolExists.c.o: In function `main':
CheckSymbolExists.c:(.text+0x16): undefined reference to `pthread_create'
collect2: error: ld returned 1 exit status
CMakeFiles/cmTC_8b23c.dir/build.make:97: recipe for target 'cmTC_8b23c' failed
make[1]: *** [cmTC_8b23c] Error 1
make[1]: Leaving directory '/home/rob/baxter/build/gazebo_ros/CMakeFiles/CMakeTmp'
Makefile:126: recipe for target 'cmTC_8b23c/fast' failed
make: *** [cmTC_8b23c/fast] Error 2

File /home/rob/baxter/build/gazebo_ros/CMakeFiles/CMakeTmp/CheckSymbolExists.c:
/* */
#include <pthread.h>

int main(int argc, char** argv)
{
  (void)argv;
#ifndef pthread_create
  return ((int*)(&pthread_create))[argc];
#else
  (void)argc;
  return 0;
#endif
}

Determining if the function pthread_create exists in the pthreads failed with the following output:
Change Dir: /home/rob/baxter/build/gazebo_ros/CMakeFiles/CMakeTmp

Run Build Command:"/usr/bin/make" "cmTC_1eaca/fast"
/usr/bin/make -f CMakeFiles/cmTC_1eaca.dir/build.make CMakeFiles/cmTC_1eaca.dir/build
make[1]: Entering directory '/home/rob/baxter/build/gazebo_ros/CMakeFiles/CMakeTmp'
Building C object CMakeFiles/cmTC_1eaca.dir/CheckFunctionExists.c.o
/usr/bin/cc    -DCHECK_FUNCTION_EXISTS=pthread_create   -o CMakeFiles/cmTC_1eaca.dir/CheckFunctionExists.c.o   -c /usr/share/cmake-3.5/Modules/CheckFunctionExists.c
Linking C executable cmTC_1eaca
/usr/bin/cmake -E cmake_link_script CMakeFiles/cmTC_1eaca.dir/link.txt --verbose=1
/usr/bin/cc   -DCHECK_FUNCTION_EXISTS=pthread_create    CMakeFiles/cmTC_1eaca.dir/CheckFunctionExists.c.o  -o cmTC_1eaca -rdynamic -lpthreads 
/usr/bin/ld: cannot find -lpthreads
collect2: error: ld returned 1 exit status
CMakeFiles/cmTC_1eaca.dir/build.make:97: recipe for target 'cmTC_1eaca' failed
make[1]: *** [cmTC_1eaca] Error 1
make[1]: Leaving directory '/home/rob/baxter/build/gazebo_ros/CMakeFiles/CMakeTmp'
Makefile:126: recipe for target 'cmTC_1eaca/fast' failed
make: *** [cmTC_1eaca/fast] Error 2


