Linked: (/home/rob/baxter/devel/.private/baxter_interface/include/baxter_interface/HeadActionServerConfig.h, /home/rob/baxter/devel/include/baxter_interface/HeadActionServerConfig.h)
Linked: (/home/rob/baxter/devel/.private/baxter_interface/include/baxter_interface/PositionJointTrajectoryActionServerConfig.h, /home/rob/baxter/devel/include/baxter_interface/PositionJointTrajectoryActionServerConfig.h)
Linked: (/home/rob/baxter/devel/.private/baxter_interface/include/baxter_interface/GripperActionServerConfig.h, /home/rob/baxter/devel/include/baxter_interface/GripperActionServerConfig.h)
Linked: (/home/rob/baxter/devel/.private/baxter_interface/include/baxter_interface/VelocityJointTrajectoryActionServerConfig.h, /home/rob/baxter/devel/include/baxter_interface/VelocityJointTrajectoryActionServerConfig.h)
Linked: (/home/rob/baxter/devel/.private/baxter_interface/include/baxter_interface/PositionFFJointTrajectoryActionServerConfig.h, /home/rob/baxter/devel/include/baxter_interface/PositionFFJointTrajectoryActionServerConfig.h)
Linked: (/home/rob/baxter/devel/.private/baxter_interface/share/baxter_interface/cmake/baxter_interfaceConfig.cmake, /home/rob/baxter/devel/share/baxter_interface/cmake/baxter_interfaceConfig.cmake)
Linked: (/home/rob/baxter/devel/.private/baxter_interface/share/baxter_interface/cmake/baxter_interfaceConfig-version.cmake, /home/rob/baxter/devel/share/baxter_interface/cmake/baxter_interfaceConfig-version.cmake)
Linked: (/home/rob/baxter/devel/.private/baxter_interface/share/baxter_interface/docs/VelocityJointTrajectoryActionServerConfig-usage.dox, /home/rob/baxter/devel/share/baxter_interface/docs/VelocityJointTrajectoryActionServerConfig-usage.dox)
Linked: (/home/rob/baxter/devel/.private/baxter_interface/share/baxter_interface/docs/PositionFFJointTrajectoryActionServerConfig.dox, /home/rob/baxter/devel/share/baxter_interface/docs/PositionFFJointTrajectoryActionServerConfig.dox)
Linked: (/home/rob/baxter/devel/.private/baxter_interface/share/baxter_interface/docs/GripperActionServerConfig-usage.dox, /home/rob/baxter/devel/share/baxter_interface/docs/GripperActionServerConfig-usage.dox)
Linked: (/home/rob/baxter/devel/.private/baxter_interface/share/baxter_interface/docs/PositionJointTrajectoryActionServerConfig.dox, /home/rob/baxter/devel/share/baxter_interface/docs/PositionJointTrajectoryActionServerConfig.dox)
Linked: (/home/rob/baxter/devel/.private/baxter_interface/share/baxter_interface/docs/HeadActionServerConfig.wikidoc, /home/rob/baxter/devel/share/baxter_interface/docs/HeadActionServerConfig.wikidoc)
Linked: (/home/rob/baxter/devel/.private/baxter_interface/share/baxter_interface/docs/PositionFFJointTrajectoryActionServerConfig-usage.dox, /home/rob/baxter/devel/share/baxter_interface/docs/PositionFFJointTrajectoryActionServerConfig-usage.dox)
Linked: (/home/rob/baxter/devel/.private/baxter_interface/share/baxter_interface/docs/HeadActionServerConfig.dox, /home/rob/baxter/devel/share/baxter_interface/docs/HeadActionServerConfig.dox)
Linked: (/home/rob/baxter/devel/.private/baxter_interface/share/baxter_interface/docs/PositionJointTrajectoryActionServerConfig-usage.dox, /home/rob/baxter/devel/share/baxter_interface/docs/PositionJointTrajectoryActionServerConfig-usage.dox)
Linked: (/home/rob/baxter/devel/.private/baxter_interface/share/baxter_interface/docs/PositionJointTrajectoryActionServerConfig.wikidoc, /home/rob/baxter/devel/share/baxter_interface/docs/PositionJointTrajectoryActionServerConfig.wikidoc)
Linked: (/home/rob/baxter/devel/.private/baxter_interface/share/baxter_interface/docs/HeadActionServerConfig-usage.dox, /home/rob/baxter/devel/share/baxter_interface/docs/HeadActionServerConfig-usage.dox)
Linked: (/home/rob/baxter/devel/.private/baxter_interface/share/baxter_interface/docs/GripperActionServerConfig.wikidoc, /home/rob/baxter/devel/share/baxter_interface/docs/GripperActionServerConfig.wikidoc)
Linked: (/home/rob/baxter/devel/.private/baxter_interface/share/baxter_interface/docs/VelocityJointTrajectoryActionServerConfig.dox, /home/rob/baxter/devel/share/baxter_interface/docs/VelocityJointTrajectoryActionServerConfig.dox)
Linked: (/home/rob/baxter/devel/.private/baxter_interface/share/baxter_interface/docs/PositionFFJointTrajectoryActionServerConfig.wikidoc, /home/rob/baxter/devel/share/baxter_interface/docs/PositionFFJointTrajectoryActionServerConfig.wikidoc)
Linked: (/home/rob/baxter/devel/.private/baxter_interface/share/baxter_interface/docs/VelocityJointTrajectoryActionServerConfig.wikidoc, /home/rob/baxter/devel/share/baxter_interface/docs/VelocityJointTrajectoryActionServerConfig.wikidoc)
Linked: (/home/rob/baxter/devel/.private/baxter_interface/share/baxter_interface/docs/GripperActionServerConfig.dox, /home/rob/baxter/devel/share/baxter_interface/docs/GripperActionServerConfig.dox)
Linked: (/home/rob/baxter/devel/.private/baxter_interface/lib/pkgconfig/baxter_interface.pc, /home/rob/baxter/devel/lib/pkgconfig/baxter_interface.pc)
Linked: (/home/rob/baxter/devel/.private/baxter_interface/lib/python2.7/dist-packages/joint_trajectory_action/__init__.py, /home/rob/baxter/devel/lib/python2.7/dist-packages/joint_trajectory_action/__init__.py)
Linked: (/home/rob/baxter/devel/.private/baxter_interface/lib/python2.7/dist-packages/baxter_control/__init__.py, /home/rob/baxter/devel/lib/python2.7/dist-packages/baxter_control/__init__.py)
Linked: (/home/rob/baxter/devel/.private/baxter_interface/lib/python2.7/dist-packages/baxter_dataflow/__init__.py, /home/rob/baxter/devel/lib/python2.7/dist-packages/baxter_dataflow/__init__.py)
Linked: (/home/rob/baxter/devel/.private/baxter_interface/lib/python2.7/dist-packages/gripper_action/__init__.py, /home/rob/baxter/devel/lib/python2.7/dist-packages/gripper_action/__init__.py)
Linked: (/home/rob/baxter/devel/.private/baxter_interface/lib/python2.7/dist-packages/baxter_interface/__init__.pyc, /home/rob/baxter/devel/lib/python2.7/dist-packages/baxter_interface/__init__.pyc)
Linked: (/home/rob/baxter/devel/.private/baxter_interface/lib/python2.7/dist-packages/baxter_interface/__init__.py, /home/rob/baxter/devel/lib/python2.7/dist-packages/baxter_interface/__init__.py)
Linked: (/home/rob/baxter/devel/.private/baxter_interface/lib/python2.7/dist-packages/baxter_interface/cfg/VelocityJointTrajectoryActionServerConfig.py, /home/rob/baxter/devel/lib/python2.7/dist-packages/baxter_interface/cfg/VelocityJointTrajectoryActionServerConfig.py)
Linked: (/home/rob/baxter/devel/.private/baxter_interface/lib/python2.7/dist-packages/baxter_interface/cfg/PositionJointTrajectoryActionServerConfig.py, /home/rob/baxter/devel/lib/python2.7/dist-packages/baxter_interface/cfg/PositionJointTrajectoryActionServerConfig.py)
Linked: (/home/rob/baxter/devel/.private/baxter_interface/lib/python2.7/dist-packages/baxter_interface/cfg/GripperActionServerConfig.py, /home/rob/baxter/devel/lib/python2.7/dist-packages/baxter_interface/cfg/GripperActionServerConfig.py)
Linked: (/home/rob/baxter/devel/.private/baxter_interface/lib/python2.7/dist-packages/baxter_interface/cfg/__init__.py, /home/rob/baxter/devel/lib/python2.7/dist-packages/baxter_interface/cfg/__init__.py)
Linked: (/home/rob/baxter/devel/.private/baxter_interface/lib/python2.7/dist-packages/baxter_interface/cfg/PositionFFJointTrajectoryActionServerConfig.py, /home/rob/baxter/devel/lib/python2.7/dist-packages/baxter_interface/cfg/PositionFFJointTrajectoryActionServerConfig.py)
Linked: (/home/rob/baxter/devel/.private/baxter_interface/lib/python2.7/dist-packages/baxter_interface/cfg/HeadActionServerConfig.py, /home/rob/baxter/devel/lib/python2.7/dist-packages/baxter_interface/cfg/HeadActionServerConfig.py)
Linked: (/home/rob/baxter/devel/.private/baxter_interface/lib/python2.7/dist-packages/head_action/__init__.py, /home/rob/baxter/devel/lib/python2.7/dist-packages/head_action/__init__.py)
