Determining if the pthread_create exist failed with the following output:
Change Dir: /home/rob/baxter/build/gazebo_msgs/CMakeFiles/CMakeTmp

Run Build Command:"/usr/bin/make" "cmTC_9117f/fast"
/usr/bin/make -f CMakeFiles/cmTC_9117f.dir/build.make CMakeFiles/cmTC_9117f.dir/build
make[1]: Entering directory '/home/rob/baxter/build/gazebo_msgs/CMakeFiles/CMakeTmp'
Building C object CMakeFiles/cmTC_9117f.dir/CheckSymbolExists.c.o
/usr/bin/cc     -o CMakeFiles/cmTC_9117f.dir/CheckSymbolExists.c.o   -c /home/rob/baxter/build/gazebo_msgs/CMakeFiles/CMakeTmp/CheckSymbolExists.c
Linking C executable cmTC_9117f
/usr/bin/cmake -E cmake_link_script CMakeFiles/cmTC_9117f.dir/link.txt --verbose=1
/usr/bin/cc       CMakeFiles/cmTC_9117f.dir/CheckSymbolExists.c.o  -o cmTC_9117f -rdynamic 
CMakeFiles/cmTC_9117f.dir/CheckSymbolExists.c.o: In function `main':
CheckSymbolExists.c:(.text+0x16): undefined reference to `pthread_create'
collect2: error: ld returned 1 exit status
CMakeFiles/cmTC_9117f.dir/build.make:97: recipe for target 'cmTC_9117f' failed
make[1]: *** [cmTC_9117f] Error 1
make[1]: Leaving directory '/home/rob/baxter/build/gazebo_msgs/CMakeFiles/CMakeTmp'
Makefile:126: recipe for target 'cmTC_9117f/fast' failed
make: *** [cmTC_9117f/fast] Error 2

File /home/rob/baxter/build/gazebo_msgs/CMakeFiles/CMakeTmp/CheckSymbolExists.c:
/* */
#include <pthread.h>

int main(int argc, char** argv)
{
  (void)argv;
#ifndef pthread_create
  return ((int*)(&pthread_create))[argc];
#else
  (void)argc;
  return 0;
#endif
}

Determining if the function pthread_create exists in the pthreads failed with the following output:
Change Dir: /home/rob/baxter/build/gazebo_msgs/CMakeFiles/CMakeTmp

Run Build Command:"/usr/bin/make" "cmTC_023ac/fast"
/usr/bin/make -f CMakeFiles/cmTC_023ac.dir/build.make CMakeFiles/cmTC_023ac.dir/build
make[1]: Entering directory '/home/rob/baxter/build/gazebo_msgs/CMakeFiles/CMakeTmp'
Building C object CMakeFiles/cmTC_023ac.dir/CheckFunctionExists.c.o
/usr/bin/cc    -DCHECK_FUNCTION_EXISTS=pthread_create   -o CMakeFiles/cmTC_023ac.dir/CheckFunctionExists.c.o   -c /usr/share/cmake-3.5/Modules/CheckFunctionExists.c
Linking C executable cmTC_023ac
/usr/bin/cmake -E cmake_link_script CMakeFiles/cmTC_023ac.dir/link.txt --verbose=1
/usr/bin/cc   -DCHECK_FUNCTION_EXISTS=pthread_create    CMakeFiles/cmTC_023ac.dir/CheckFunctionExists.c.o  -o cmTC_023ac -rdynamic -lpthreads 
/usr/bin/ld: cannot find -lpthreads
collect2: error: ld returned 1 exit status
CMakeFiles/cmTC_023ac.dir/build.make:97: recipe for target 'cmTC_023ac' failed
make[1]: *** [cmTC_023ac] Error 1
make[1]: Leaving directory '/home/rob/baxter/build/gazebo_msgs/CMakeFiles/CMakeTmp'
Makefile:126: recipe for target 'cmTC_023ac/fast' failed
make: *** [cmTC_023ac/fast] Error 2


