[  0%] Built target _gazebo_msgs_generate_messages_check_deps_SetLinkProperties
[  0%] Built target _gazebo_msgs_generate_messages_check_deps_SetJointTrajectory
[  0%] Built target _gazebo_msgs_generate_messages_check_deps_SetJointProperties
[  0%] Built target _gazebo_msgs_generate_messages_check_deps_SetModelState
[  0%] Built target _gazebo_msgs_generate_messages_check_deps_GetPhysicsProperties
[  0%] Built target trajectory_msgs_generate_messages_py
[  0%] Built target _gazebo_msgs_generate_messages_check_deps_SpawnModel
[  0%] Built target _gazebo_msgs_generate_messages_check_deps_DeleteModel
[  0%] Built target std_msgs_generate_messages_py
[  0%] Built target _gazebo_msgs_generate_messages_check_deps_ODEPhysics
[  0%] Built target geometry_msgs_generate_messages_py
[  0%] Built target _gazebo_msgs_generate_messages_check_deps_WorldState
[  0%] Built target _gazebo_msgs_generate_messages_check_deps_GetLightProperties
[  0%] Built target _gazebo_msgs_generate_messages_check_deps_DeleteLight
[  0%] Built target _gazebo_msgs_generate_messages_check_deps_GetWorldProperties
[  0%] Built target _gazebo_msgs_generate_messages_check_deps_GetLinkState
[  0%] Built target _gazebo_msgs_generate_messages_check_deps_BodyRequest
[  0%] Built target _gazebo_msgs_generate_messages_check_deps_JointRequest
[  0%] Built target _gazebo_msgs_generate_messages_check_deps_GetModelProperties
[  0%] Built target _gazebo_msgs_generate_messages_check_deps_ContactsState
[  0%] Built target _gazebo_msgs_generate_messages_check_deps_ModelState
[  0%] Built target sensor_msgs_generate_messages_py
[  0%] Built target _gazebo_msgs_generate_messages_check_deps_GetLinkProperties
[  0%] Built target _gazebo_msgs_generate_messages_check_deps_GetModelState
[  0%] Built target _gazebo_msgs_generate_messages_check_deps_ApplyBodyWrench
[  0%] Built target _gazebo_msgs_generate_messages_check_deps_SetLightProperties
[  0%] Built target _gazebo_msgs_generate_messages_check_deps_LinkStates
[  0%] Built target _gazebo_msgs_generate_messages_check_deps_ContactState
[  0%] Built target _gazebo_msgs_generate_messages_check_deps_SetPhysicsProperties
[  0%] Built target _gazebo_msgs_generate_messages_check_deps_ModelStates
[  0%] Built target _gazebo_msgs_generate_messages_check_deps_LinkState
[  0%] Built target _gazebo_msgs_generate_messages_check_deps_GetJointProperties
[  0%] Built target _gazebo_msgs_generate_messages_check_deps_ApplyJointEffort
[  0%] Built target _gazebo_msgs_generate_messages_check_deps_ODEJointProperties
[  0%] Built target _gazebo_msgs_generate_messages_check_deps_SetModelConfiguration
[  0%] Built target _gazebo_msgs_generate_messages_check_deps_SetLinkState
[  0%] Built target geometry_msgs_generate_messages_nodejs
[  0%] Built target trajectory_msgs_generate_messages_nodejs
[  0%] Built target std_msgs_generate_messages_nodejs
[  0%] Built target sensor_msgs_generate_messages_cpp
[  0%] Built target trajectory_msgs_generate_messages_cpp
[  0%] Built target sensor_msgs_generate_messages_nodejs
[  0%] Built target geometry_msgs_generate_messages_cpp
[  0%] Built target geometry_msgs_generate_messages_eus
[  0%] Built target std_msgs_generate_messages_lisp
[  0%] Built target std_msgs_generate_messages_cpp
[  0%] Built target trajectory_msgs_generate_messages_eus
[  0%] Built target std_msgs_generate_messages_eus
[  0%] Built target sensor_msgs_generate_messages_eus
[  0%] Built target trajectory_msgs_generate_messages_lisp
[  0%] Built target geometry_msgs_generate_messages_lisp
[  0%] Built target sensor_msgs_generate_messages_lisp
[ 20%] Built target gazebo_msgs_generate_messages_py
[ 40%] Built target gazebo_msgs_generate_messages_nodejs
[ 60%] Built target gazebo_msgs_generate_messages_cpp
[ 80%] Built target gazebo_msgs_generate_messages_eus
[100%] Built target gazebo_msgs_generate_messages_lisp
[100%] Built target gazebo_msgs_generate_messages
