Determining if the pthread_create exist failed with the following output:
Change Dir: /home/rob/baxter/build/baxter_core_msgs/CMakeFiles/CMakeTmp

Run Build Command:"/usr/bin/make" "cmTC_2936a/fast"
/usr/bin/make -f CMakeFiles/cmTC_2936a.dir/build.make CMakeFiles/cmTC_2936a.dir/build
make[1]: Entering directory '/home/rob/baxter/build/baxter_core_msgs/CMakeFiles/CMakeTmp'
Building C object CMakeFiles/cmTC_2936a.dir/CheckSymbolExists.c.o
/usr/bin/cc     -o CMakeFiles/cmTC_2936a.dir/CheckSymbolExists.c.o   -c /home/rob/baxter/build/baxter_core_msgs/CMakeFiles/CMakeTmp/CheckSymbolExists.c
Linking C executable cmTC_2936a
/usr/bin/cmake -E cmake_link_script CMakeFiles/cmTC_2936a.dir/link.txt --verbose=1
/usr/bin/cc       CMakeFiles/cmTC_2936a.dir/CheckSymbolExists.c.o  -o cmTC_2936a -rdynamic 
CMakeFiles/cmTC_2936a.dir/CheckSymbolExists.c.o: In function `main':
CheckSymbolExists.c:(.text+0x16): undefined reference to `pthread_create'
collect2: error: ld returned 1 exit status
CMakeFiles/cmTC_2936a.dir/build.make:97: recipe for target 'cmTC_2936a' failed
make[1]: *** [cmTC_2936a] Error 1
make[1]: Leaving directory '/home/rob/baxter/build/baxter_core_msgs/CMakeFiles/CMakeTmp'
Makefile:126: recipe for target 'cmTC_2936a/fast' failed
make: *** [cmTC_2936a/fast] Error 2

File /home/rob/baxter/build/baxter_core_msgs/CMakeFiles/CMakeTmp/CheckSymbolExists.c:
/* */
#include <pthread.h>

int main(int argc, char** argv)
{
  (void)argv;
#ifndef pthread_create
  return ((int*)(&pthread_create))[argc];
#else
  (void)argc;
  return 0;
#endif
}

Determining if the function pthread_create exists in the pthreads failed with the following output:
Change Dir: /home/rob/baxter/build/baxter_core_msgs/CMakeFiles/CMakeTmp

Run Build Command:"/usr/bin/make" "cmTC_e78b5/fast"
/usr/bin/make -f CMakeFiles/cmTC_e78b5.dir/build.make CMakeFiles/cmTC_e78b5.dir/build
make[1]: Entering directory '/home/rob/baxter/build/baxter_core_msgs/CMakeFiles/CMakeTmp'
Building C object CMakeFiles/cmTC_e78b5.dir/CheckFunctionExists.c.o
/usr/bin/cc    -DCHECK_FUNCTION_EXISTS=pthread_create   -o CMakeFiles/cmTC_e78b5.dir/CheckFunctionExists.c.o   -c /usr/share/cmake-3.5/Modules/CheckFunctionExists.c
Linking C executable cmTC_e78b5
/usr/bin/cmake -E cmake_link_script CMakeFiles/cmTC_e78b5.dir/link.txt --verbose=1
/usr/bin/cc   -DCHECK_FUNCTION_EXISTS=pthread_create    CMakeFiles/cmTC_e78b5.dir/CheckFunctionExists.c.o  -o cmTC_e78b5 -rdynamic -lpthreads 
/usr/bin/ld: cannot find -lpthreads
collect2: error: ld returned 1 exit status
CMakeFiles/cmTC_e78b5.dir/build.make:97: recipe for target 'cmTC_e78b5' failed
make[1]: *** [cmTC_e78b5] Error 1
make[1]: Leaving directory '/home/rob/baxter/build/baxter_core_msgs/CMakeFiles/CMakeTmp'
Makefile:126: recipe for target 'cmTC_e78b5/fast' failed
make: *** [cmTC_e78b5/fast] Error 2


