Determining if the pthread_create exist failed with the following output:
Change Dir: /home/rob/baxter/build/baxter_sim_io/CMakeFiles/CMakeTmp

Run Build Command:"/usr/bin/make" "cmTC_61197/fast"
/usr/bin/make -f CMakeFiles/cmTC_61197.dir/build.make CMakeFiles/cmTC_61197.dir/build
make[1]: Entering directory '/home/rob/baxter/build/baxter_sim_io/CMakeFiles/CMakeTmp'
Building C object CMakeFiles/cmTC_61197.dir/CheckSymbolExists.c.o
/usr/bin/cc     -o CMakeFiles/cmTC_61197.dir/CheckSymbolExists.c.o   -c /home/rob/baxter/build/baxter_sim_io/CMakeFiles/CMakeTmp/CheckSymbolExists.c
Linking C executable cmTC_61197
/usr/bin/cmake -E cmake_link_script CMakeFiles/cmTC_61197.dir/link.txt --verbose=1
/usr/bin/cc       CMakeFiles/cmTC_61197.dir/CheckSymbolExists.c.o  -o cmTC_61197 -rdynamic 
CMakeFiles/cmTC_61197.dir/CheckSymbolExists.c.o: In function `main':
CheckSymbolExists.c:(.text+0x16): undefined reference to `pthread_create'
collect2: error: ld returned 1 exit status
CMakeFiles/cmTC_61197.dir/build.make:97: recipe for target 'cmTC_61197' failed
make[1]: *** [cmTC_61197] Error 1
make[1]: Leaving directory '/home/rob/baxter/build/baxter_sim_io/CMakeFiles/CMakeTmp'
Makefile:126: recipe for target 'cmTC_61197/fast' failed
make: *** [cmTC_61197/fast] Error 2

File /home/rob/baxter/build/baxter_sim_io/CMakeFiles/CMakeTmp/CheckSymbolExists.c:
/* */
#include <pthread.h>

int main(int argc, char** argv)
{
  (void)argv;
#ifndef pthread_create
  return ((int*)(&pthread_create))[argc];
#else
  (void)argc;
  return 0;
#endif
}

Determining if the function pthread_create exists in the pthreads failed with the following output:
Change Dir: /home/rob/baxter/build/baxter_sim_io/CMakeFiles/CMakeTmp

Run Build Command:"/usr/bin/make" "cmTC_4aeb5/fast"
/usr/bin/make -f CMakeFiles/cmTC_4aeb5.dir/build.make CMakeFiles/cmTC_4aeb5.dir/build
make[1]: Entering directory '/home/rob/baxter/build/baxter_sim_io/CMakeFiles/CMakeTmp'
Building C object CMakeFiles/cmTC_4aeb5.dir/CheckFunctionExists.c.o
/usr/bin/cc    -DCHECK_FUNCTION_EXISTS=pthread_create   -o CMakeFiles/cmTC_4aeb5.dir/CheckFunctionExists.c.o   -c /usr/share/cmake-3.5/Modules/CheckFunctionExists.c
Linking C executable cmTC_4aeb5
/usr/bin/cmake -E cmake_link_script CMakeFiles/cmTC_4aeb5.dir/link.txt --verbose=1
/usr/bin/cc   -DCHECK_FUNCTION_EXISTS=pthread_create    CMakeFiles/cmTC_4aeb5.dir/CheckFunctionExists.c.o  -o cmTC_4aeb5 -rdynamic -lpthreads 
/usr/bin/ld: cannot find -lpthreads
collect2: error: ld returned 1 exit status
CMakeFiles/cmTC_4aeb5.dir/build.make:97: recipe for target 'cmTC_4aeb5' failed
make[1]: *** [cmTC_4aeb5] Error 1
make[1]: Leaving directory '/home/rob/baxter/build/baxter_sim_io/CMakeFiles/CMakeTmp'
Makefile:126: recipe for target 'cmTC_4aeb5/fast' failed
make: *** [cmTC_4aeb5/fast] Error 2


