Determining if the pthread_create exist failed with the following output:
Change Dir: /home/rob/baxter/build/baxter_sim_kinematics/CMakeFiles/CMakeTmp

Run Build Command:"/usr/bin/make" "cmTC_ee89a/fast"
/usr/bin/make -f CMakeFiles/cmTC_ee89a.dir/build.make CMakeFiles/cmTC_ee89a.dir/build
make[1]: Entering directory '/home/rob/baxter/build/baxter_sim_kinematics/CMakeFiles/CMakeTmp'
Building C object CMakeFiles/cmTC_ee89a.dir/CheckSymbolExists.c.o
/usr/bin/cc     -o CMakeFiles/cmTC_ee89a.dir/CheckSymbolExists.c.o   -c /home/rob/baxter/build/baxter_sim_kinematics/CMakeFiles/CMakeTmp/CheckSymbolExists.c
Linking C executable cmTC_ee89a
/usr/bin/cmake -E cmake_link_script CMakeFiles/cmTC_ee89a.dir/link.txt --verbose=1
/usr/bin/cc       CMakeFiles/cmTC_ee89a.dir/CheckSymbolExists.c.o  -o cmTC_ee89a -rdynamic 
CMakeFiles/cmTC_ee89a.dir/CheckSymbolExists.c.o: In function `main':
CheckSymbolExists.c:(.text+0x16): undefined reference to `pthread_create'
collect2: error: ld returned 1 exit status
CMakeFiles/cmTC_ee89a.dir/build.make:97: recipe for target 'cmTC_ee89a' failed
make[1]: *** [cmTC_ee89a] Error 1
make[1]: Leaving directory '/home/rob/baxter/build/baxter_sim_kinematics/CMakeFiles/CMakeTmp'
Makefile:126: recipe for target 'cmTC_ee89a/fast' failed
make: *** [cmTC_ee89a/fast] Error 2

File /home/rob/baxter/build/baxter_sim_kinematics/CMakeFiles/CMakeTmp/CheckSymbolExists.c:
/* */
#include <pthread.h>

int main(int argc, char** argv)
{
  (void)argv;
#ifndef pthread_create
  return ((int*)(&pthread_create))[argc];
#else
  (void)argc;
  return 0;
#endif
}

Determining if the function pthread_create exists in the pthreads failed with the following output:
Change Dir: /home/rob/baxter/build/baxter_sim_kinematics/CMakeFiles/CMakeTmp

Run Build Command:"/usr/bin/make" "cmTC_5c860/fast"
/usr/bin/make -f CMakeFiles/cmTC_5c860.dir/build.make CMakeFiles/cmTC_5c860.dir/build
make[1]: Entering directory '/home/rob/baxter/build/baxter_sim_kinematics/CMakeFiles/CMakeTmp'
Building C object CMakeFiles/cmTC_5c860.dir/CheckFunctionExists.c.o
/usr/bin/cc    -DCHECK_FUNCTION_EXISTS=pthread_create   -o CMakeFiles/cmTC_5c860.dir/CheckFunctionExists.c.o   -c /usr/share/cmake-3.5/Modules/CheckFunctionExists.c
Linking C executable cmTC_5c860
/usr/bin/cmake -E cmake_link_script CMakeFiles/cmTC_5c860.dir/link.txt --verbose=1
/usr/bin/cc   -DCHECK_FUNCTION_EXISTS=pthread_create    CMakeFiles/cmTC_5c860.dir/CheckFunctionExists.c.o  -o cmTC_5c860 -rdynamic -lpthreads 
/usr/bin/ld: cannot find -lpthreads
collect2: error: ld returned 1 exit status
CMakeFiles/cmTC_5c860.dir/build.make:97: recipe for target 'cmTC_5c860' failed
make[1]: *** [cmTC_5c860] Error 1
make[1]: Leaving directory '/home/rob/baxter/build/baxter_sim_kinematics/CMakeFiles/CMakeTmp'
Makefile:126: recipe for target 'cmTC_5c860/fast' failed
make: *** [cmTC_5c860/fast] Error 2


