Determining if the pthread_create exist failed with the following output:
Change Dir: /home/rob/baxter/build/catkin_tools_prebuild/CMakeFiles/CMakeTmp

Run Build Command:"/usr/bin/make" "cmTC_47594/fast"
/usr/bin/make -f CMakeFiles/cmTC_47594.dir/build.make CMakeFiles/cmTC_47594.dir/build
make[1]: Entering directory '/home/rob/baxter/build/catkin_tools_prebuild/CMakeFiles/CMakeTmp'
Building C object CMakeFiles/cmTC_47594.dir/CheckSymbolExists.c.o
/usr/bin/cc     -o CMakeFiles/cmTC_47594.dir/CheckSymbolExists.c.o   -c /home/rob/baxter/build/catkin_tools_prebuild/CMakeFiles/CMakeTmp/CheckSymbolExists.c
Linking C executable cmTC_47594
/usr/bin/cmake -E cmake_link_script CMakeFiles/cmTC_47594.dir/link.txt --verbose=1
/usr/bin/cc       CMakeFiles/cmTC_47594.dir/CheckSymbolExists.c.o  -o cmTC_47594 -rdynamic 
CMakeFiles/cmTC_47594.dir/CheckSymbolExists.c.o: In function `main':
CheckSymbolExists.c:(.text+0x16): undefined reference to `pthread_create'
collect2: error: ld returned 1 exit status
CMakeFiles/cmTC_47594.dir/build.make:97: recipe for target 'cmTC_47594' failed
make[1]: *** [cmTC_47594] Error 1
make[1]: Leaving directory '/home/rob/baxter/build/catkin_tools_prebuild/CMakeFiles/CMakeTmp'
Makefile:126: recipe for target 'cmTC_47594/fast' failed
make: *** [cmTC_47594/fast] Error 2

File /home/rob/baxter/build/catkin_tools_prebuild/CMakeFiles/CMakeTmp/CheckSymbolExists.c:
/* */
#include <pthread.h>

int main(int argc, char** argv)
{
  (void)argv;
#ifndef pthread_create
  return ((int*)(&pthread_create))[argc];
#else
  (void)argc;
  return 0;
#endif
}

Determining if the function pthread_create exists in the pthreads failed with the following output:
Change Dir: /home/rob/baxter/build/catkin_tools_prebuild/CMakeFiles/CMakeTmp

Run Build Command:"/usr/bin/make" "cmTC_3e877/fast"
/usr/bin/make -f CMakeFiles/cmTC_3e877.dir/build.make CMakeFiles/cmTC_3e877.dir/build
make[1]: Entering directory '/home/rob/baxter/build/catkin_tools_prebuild/CMakeFiles/CMakeTmp'
Building C object CMakeFiles/cmTC_3e877.dir/CheckFunctionExists.c.o
/usr/bin/cc    -DCHECK_FUNCTION_EXISTS=pthread_create   -o CMakeFiles/cmTC_3e877.dir/CheckFunctionExists.c.o   -c /usr/share/cmake-3.5/Modules/CheckFunctionExists.c
Linking C executable cmTC_3e877
/usr/bin/cmake -E cmake_link_script CMakeFiles/cmTC_3e877.dir/link.txt --verbose=1
/usr/bin/cc   -DCHECK_FUNCTION_EXISTS=pthread_create    CMakeFiles/cmTC_3e877.dir/CheckFunctionExists.c.o  -o cmTC_3e877 -rdynamic -lpthreads 
/usr/bin/ld: cannot find -lpthreads
collect2: error: ld returned 1 exit status
CMakeFiles/cmTC_3e877.dir/build.make:97: recipe for target 'cmTC_3e877' failed
make[1]: *** [cmTC_3e877] Error 1
make[1]: Leaving directory '/home/rob/baxter/build/catkin_tools_prebuild/CMakeFiles/CMakeTmp'
Makefile:126: recipe for target 'cmTC_3e877/fast' failed
make: *** [cmTC_3e877/fast] Error 2


